 Created by CRYSOL ...................................... : ATSAS 3.3.0 (r14945)
 CRYSOL started ......................................... : 05-Mar-2025   22:51:17
 Atomic coordinates read from ........................... : 8ac6.pdb
 Model used ............................................. : all
 Chain(s) used .......................................... : all
 Account for explicit hydrogens ......................... : no
 Shell type ............................................. : directional
 Number of spherical harmonics .......................... : 20
 Maximum scattering angle [A^-1] ........................ : 0.2000
 Number of calculated data points ....................... : 300
 Energy of incident radiation [eV] ...................... : undefined
 Solvent density [e/A^3] ................................ : 0.3340
 Contrast of the solvation shell [e/A^3] ................ : 3.000E-02
 Number of C atoms ...................................... : 623700
 Number of N atoms ...................................... : 163560
 Number of O atoms ...................................... : 192240
 Number of S atoms ...................................... : 2880
 Number of unknown atoms ................................ : 0
 Number of substituted unknown atoms .................... : 0
 Total number of atoms read ............................. : 982380
 Number of residues read ................................ : 128520
 Number of dummy residues read .......................... : 0
 Number of dummy atoms read ............................. : 0
 Discarded rotamers ..................................... : 0
 Discarded explicit hydrogens ........................... : 0
 Discarded waters ....................................... : 0
 Discarded dummy solvents ............................... : 0
 Molecular weight [Da] .................................. : 1.3905E+07
 Excluded Volume [A^3] .................................. : 1.7369E+07
 Partial specific Volume [ml/g] ......................... : 0.7523
 Average electron density [e/A^3] ....................... : 0.4271
 Geometric center ....................................... :   383.400  383.400  383.400
 Shell Rg [A] ........................................... : 203.7
 Shell Volume [A^3] ..................................... : 1.5482E+06
 Envelope Rg [A] ........................................ : 157.4
 Envelope Volume [A^3] .................................. : 3.4266E+07
 Envelope Diameter [A] .................................. : 444.7
 Shape Rg [A] ........................................... : 175.2
 Electron Rg [A] ........................................ : 175.1
 Rg (Atoms - Excluded volume + Shell) [A] ............... : 174.9
 Rg from the slope of net intensity [A] ................. : 177.8
 CRYSOL finished ........................................ : 05-Mar-2025   22:54:34
